2018.10.24 11:50:41 INFO  es[][o.e.n.Node] initializing ...
2018.10.24 11:50:41 INFO  es[][o.e.e.NodeEnvironment] using [1] data paths, mounts [[OS (C:)]], net usable_space [177.6gb], net total_space [237.4gb], spins? [unknown], types [NTFS]
2018.10.24 11:50:41 INFO  es[][o.e.e.NodeEnvironment] heap size [494.9mb], compressed ordinary object pointers [true]
2018.10.24 11:50:41 INFO  es[][o.e.n.Node] node name [sonarqube], node ID [1jVhA0iBQbSTFI-lhitzpQ]
2018.10.24 11:50:41 INFO  es[][o.e.n.Node] version[5.6.3], pid[8708], build[1a2f265/2017-10-06T20:33:39.012Z], OS[Windows 10/10.0/amd64], JVM[Oracle Corporation/Java HotSpot(TM) 64-Bit Server VM/1.8.0_191/25.191-b12]
2018.10.24 11:50:41 INFO  es[][o.e.n.Node] JVM arguments [-XX:+UseConcMarkSweepGC, -XX:CMSInitiatingOccupancyFraction=75, -XX:+UseCMSInitiatingOccupancyOnly, -XX:+AlwaysPreTouch, -Xss1m, -Djava.awt.headless=true, -Dfile.encoding=UTF-8, -Djna.nosys=true, -Djdk.io.permissionsUseCanonicalPath=true, -Dio.netty.noUnsafe=true, -Dio.netty.noKeySetOptimization=true, -Dio.netty.recycler.maxCapacityPerThread=0, -Dlog4j.shutdownHookEnabled=false, -Dlog4j2.disable.jmx=true, -Dlog4j.skipJansi=true, -Xms512m, -Xmx512m, -XX:+HeapDumpOnOutOfMemoryError, -Delasticsearch, -Des.path.home=C:\Users\pause\eclipse-workspace\myProject\tmp\sonarqube-7.3\elasticsearch]
2018.10.24 11:50:42 INFO  es[][o.e.p.PluginsService] loaded module [aggs-matrix-stats]
2018.10.24 11:50:42 INFO  es[][o.e.p.PluginsService] loaded module [ingest-common]
2018.10.24 11:50:42 INFO  es[][o.e.p.PluginsService] loaded module [parent-join]
2018.10.24 11:50:42 INFO  es[][o.e.p.PluginsService] loaded module [percolator]
2018.10.24 11:50:42 INFO  es[][o.e.p.PluginsService] loaded module [reindex]
2018.10.24 11:50:42 INFO  es[][o.e.p.PluginsService] loaded module [transport-netty4]
2018.10.24 11:50:42 INFO  es[][o.e.p.PluginsService] no plugins loaded
2018.10.24 11:50:45 INFO  es[][o.e.d.DiscoveryModule] using discovery type [zen]
2018.10.24 11:50:46 INFO  es[][o.e.n.Node] initialized
2018.10.24 11:50:46 INFO  es[][o.e.n.Node] starting ...
2018.10.24 11:50:46 INFO  es[][o.e.t.TransportService] publish_address {127.0.0.1:9001}, bound_addresses {127.0.0.1:9001}
2018.10.24 11:50:49 INFO  es[][o.e.c.s.ClusterService] new_master {sonarqube}{1jVhA0iBQbSTFI-lhitzpQ}{6YcLE0IiT3OONeBevdbi9A}{127.0.0.1}{127.0.0.1:9001}{rack_id=sonarqube}, reason: zen-disco-elected-as-master ([0] nodes joined)
2018.10.24 11:50:49 INFO  es[][o.e.n.Node] started
2018.10.24 11:50:50 WARN  es[][o.e.g.GatewayAllocator$InternalPrimaryShardAllocator] [issues][4]: failed to list shard for shard_started on node [1jVhA0iBQbSTFI-lhitzpQ]
org.elasticsearch.action.FailedNodeException: Failed node [1jVhA0iBQbSTFI-lhitzpQ]
	at org.elasticsearch.action.support.nodes.TransportNodesAction$AsyncAction.onFailure(TransportNodesAction.java:239) [elasticsearch-5.6.3.jar:5.6.3]
	at org.elasticsearch.action.support.nodes.TransportNodesAction$AsyncAction.access$200(TransportNodesAction.java:153) [elasticsearch-5.6.3.jar:5.6.3]
	at org.elasticsearch.action.support.nodes.TransportNodesAction$AsyncAction$1.handleException(TransportNodesAction.java:211) [elasticsearch-5.6.3.jar:5.6.3]
	at org.elasticsearch.transport.TransportService$ContextRestoreResponseHandler.handleException(TransportService.java:1067) [elasticsearch-5.6.3.jar:5.6.3]
	at org.elasticsearch.transport.TransportService$DirectResponseChannel.processException(TransportService.java:1171) [elasticsearch-5.6.3.jar:5.6.3]
	at org.elasticsearch.transport.TransportService$DirectResponseChannel.sendResponse(TransportService.java:1149) [elasticsearch-5.6.3.jar:5.6.3]
	at org.elasticsearch.transport.TransportService$7.onFailure(TransportService.java:655) [elasticsearch-5.6.3.jar:5.6.3]
	at org.elasticsearch.common.util.concurrent.ThreadContext$ContextPreservingAbstractRunnable.onFailure(ThreadContext.java:623) [elasticsearch-5.6.3.jar:5.6.3]
	at org.elasticsearch.common.util.concurrent.AbstractRunnable.run(AbstractRunnable.java:39) [elasticsearch-5.6.3.jar:5.6.3]
	at java.util.concurrent.ThreadPoolExecutor.runWorker(Unknown Source) [?:1.8.0_191]
	at java.util.concurrent.ThreadPoolExecutor$Worker.run(Unknown Source) [?:1.8.0_191]
	at java.lang.Thread.run(Unknown Source) [?:1.8.0_191]
Caused by: org.elasticsearch.transport.RemoteTransportException: [sonarqube][127.0.0.1:9001][internal:gateway/local/started_shards[n]]
Caused by: org.elasticsearch.ElasticsearchException: failed to load started shards
	at org.elasticsearch.gateway.TransportNodesListGatewayStartedShards.nodeOperation(TransportNodesListGatewayStartedShards.java:171) ~[elasticsearch-5.6.3.jar:5.6.3]
	at org.elasticsearch.gateway.TransportNodesListGatewayStartedShards.nodeOperation(TransportNodesListGatewayStartedShards.java:61) ~[elasticsearch-5.6.3.jar:5.6.3]
	at org.elasticsearch.action.support.nodes.TransportNodesAction.nodeOperation(TransportNodesAction.java:140) ~[elasticsearch-5.6.3.jar:5.6.3]
	at org.elasticsearch.action.support.nodes.TransportNodesAction$NodeTransportHandler.messageReceived(TransportNodesAction.java:262) ~[elasticsearch-5.6.3.jar:5.6.3]
	at org.elasticsearch.action.support.nodes.TransportNodesAction$NodeTransportHandler.messageReceived(TransportNodesAction.java:258) ~[elasticsearch-5.6.3.jar:5.6.3]
	at org.elasticsearch.transport.RequestHandlerRegistry.processMessageReceived(RequestHandlerRegistry.java:69) ~[elasticsearch-5.6.3.jar:5.6.3]
	at org.elasticsearch.transport.TransportService$7.doRun(TransportService.java:644) ~[elasticsearch-5.6.3.jar:5.6.3]
	at org.elasticsearch.common.util.concurrent.ThreadContext$ContextPreservingAbstractRunnable.doRun(ThreadContext.java:638) ~[elasticsearch-5.6.3.jar:5.6.3]
	at org.elasticsearch.common.util.concurrent.AbstractRunnable.run(AbstractRunnable.java:37) ~[elasticsearch-5.6.3.jar:5.6.3]
	... 3 more
Caused by: org.elasticsearch.ElasticsearchException: java.io.IOException: failed to read [id:7, legacy:false, file:C:\Users\pause\eclipse-workspace\myProject\tmp\sonarqube-7.3\data\es5\nodes\0\indices\AcOiw9f8Tk2r5HY4izyeXw\_state\state-7.st]
	at org.elasticsearch.ExceptionsHelper.maybeThrowRuntimeAndSuppress(ExceptionsHelper.java:150) ~[elasticsearch-5.6.3.jar:5.6.3]
	at org.elasticsearch.gateway.MetaDataStateFormat.loadLatestState(MetaDataStateFormat.java:334) ~[elasticsearch-5.6.3.jar:5.6.3]
	at org.elasticsearch.gateway.TransportNodesListGatewayStartedShards.nodeOperation(TransportNodesListGatewayStartedShards.java:127) ~[elasticsearch-5.6.3.jar:5.6.3]
	at org.elasticsearch.gateway.TransportNodesListGatewayStartedShards.nodeOperation(TransportNodesListGatewayStartedShards.java:61) ~[elasticsearch-5.6.3.jar:5.6.3]
	at org.elasticsearch.action.support.nodes.TransportNodesAction.nodeOperation(TransportNodesAction.java:140) ~[elasticsearch-5.6.3.jar:5.6.3]
	at org.elasticsearch.action.support.nodes.TransportNodesAction$NodeTransportHandler.messageReceived(TransportNodesAction.java:262) ~[elasticsearch-5.6.3.jar:5.6.3]
	at org.elasticsearch.action.support.nodes.TransportNodesAction$NodeTransportHandler.messageReceived(TransportNodesAction.java:258) ~[elasticsearch-5.6.3.jar:5.6.3]
	at org.elasticsearch.transport.RequestHandlerRegistry.processMessageReceived(RequestHandlerRegistry.java:69) ~[elasticsearch-5.6.3.jar:5.6.3]
	at org.elasticsearch.transport.TransportService$7.doRun(TransportService.java:644) ~[elasticsearch-5.6.3.jar:5.6.3]
	at org.elasticsearch.common.util.concurrent.ThreadContext$ContextPreservingAbstractRunnable.doRun(ThreadContext.java:638) ~[elasticsearch-5.6.3.jar:5.6.3]
	at org.elasticsearch.common.util.concurrent.AbstractRunnable.run(AbstractRunnable.java:37) ~[elasticsearch-5.6.3.jar:5.6.3]
	... 3 more
Caused by: java.io.IOException: failed to read [id:7, legacy:false, file:C:\Users\pause\eclipse-workspace\myProject\tmp\sonarqube-7.3\data\es5\nodes\0\indices\AcOiw9f8Tk2r5HY4izyeXw\_state\state-7.st]
	at org.elasticsearch.gateway.MetaDataStateFormat.loadLatestState(MetaDataStateFormat.java:327) ~[elasticsearch-5.6.3.jar:5.6.3]
	at org.elasticsearch.gateway.TransportNodesListGatewayStartedShards.nodeOperation(TransportNodesListGatewayStartedShards.java:127) ~[elasticsearch-5.6.3.jar:5.6.3]
	at org.elasticsearch.gateway.TransportNodesListGatewayStartedShards.nodeOperation(TransportNodesListGatewayStartedShards.java:61) ~[elasticsearch-5.6.3.jar:5.6.3]
	at org.elasticsearch.action.support.nodes.TransportNodesAction.nodeOperation(TransportNodesAction.java:140) ~[elasticsearch-5.6.3.jar:5.6.3]
	at org.elasticsearch.action.support.nodes.TransportNodesAction$NodeTransportHandler.messageReceived(TransportNodesAction.java:262) ~[elasticsearch-5.6.3.jar:5.6.3]
	at org.elasticsearch.action.support.nodes.TransportNodesAction$NodeTransportHandler.messageReceived(TransportNodesAction.java:258) ~[elasticsearch-5.6.3.jar:5.6.3]
	at org.elasticsearch.transport.RequestHandlerRegistry.processMessageReceived(RequestHandlerRegistry.java:69) ~[elasticsearch-5.6.3.jar:5.6.3]
	at org.elasticsearch.transport.TransportService$7.doRun(TransportService.java:644) ~[elasticsearch-5.6.3.jar:5.6.3]
	at org.elasticsearch.common.util.concurrent.ThreadContext$ContextPreservingAbstractRunnable.doRun(ThreadContext.java:638) ~[elasticsearch-5.6.3.jar:5.6.3]
	at org.elasticsearch.common.util.concurrent.AbstractRunnable.run(AbstractRunnable.java:37) ~[elasticsearch-5.6.3.jar:5.6.3]
	... 3 more
Caused by: java.nio.file.NoSuchFileException: C:\Users\pause\eclipse-workspace\myProject\tmp\sonarqube-7.3\data\es5\nodes\0\indices\AcOiw9f8Tk2r5HY4izyeXw\_state\state-7.st
	at sun.nio.fs.WindowsException.translateToIOException(Unknown Source) ~[?:?]
	at sun.nio.fs.WindowsException.rethrowAsIOException(Unknown Source) ~[?:?]
	at sun.nio.fs.WindowsException.rethrowAsIOException(Unknown Source) ~[?:?]
	at sun.nio.fs.WindowsFileSystemProvider.newByteChannel(Unknown Source) ~[?:?]
	at java.nio.file.Files.newByteChannel(Unknown Source) ~[?:1.8.0_191]
	at java.nio.file.Files.newByteChannel(Unknown Source) ~[?:1.8.0_191]
	at org.apache.lucene.store.SimpleFSDirectory.openInput(SimpleFSDirectory.java:77) ~[lucene-core-6.6.1.jar:6.6.1 9aa465a89b64ff2dabe7b4d50c472de32c298683 - varunthacker - 2017-08-29 21:54:39]
	at org.elasticsearch.gateway.MetaDataStateFormat.read(MetaDataStateFormat.java:187) ~[elasticsearch-5.6.3.jar:5.6.3]
	at org.elasticsearch.gateway.MetaDataStateFormat.loadLatestState(MetaDataStateFormat.java:322) ~[elasticsearch-5.6.3.jar:5.6.3]
	at org.elasticsearch.gateway.TransportNodesListGatewayStartedShards.nodeOperation(TransportNodesListGatewayStartedShards.java:127) ~[elasticsearch-5.6.3.jar:5.6.3]
	at org.elasticsearch.gateway.TransportNodesListGatewayStartedShards.nodeOperation(TransportNodesListGatewayStartedShards.java:61) ~[elasticsearch-5.6.3.jar:5.6.3]
	at org.elasticsearch.action.support.nodes.TransportNodesAction.nodeOperation(TransportNodesAction.java:140) ~[elasticsearch-5.6.3.jar:5.6.3]
	at org.elasticsearch.action.support.nodes.TransportNodesAction$NodeTransportHandler.messageReceived(TransportNodesAction.java:262) ~[elasticsearch-5.6.3.jar:5.6.3]
	at org.elasticsearch.action.support.nodes.TransportNodesAction$NodeTransportHandler.messageReceived(TransportNodesAction.java:258) ~[elasticsearch-5.6.3.jar:5.6.3]
	at org.elasticsearch.transport.RequestHandlerRegistry.processMessageReceived(RequestHandlerRegistry.java:69) ~[elasticsearch-5.6.3.jar:5.6.3]
	at org.elasticsearch.transport.TransportService$7.doRun(TransportService.java:644) ~[elasticsearch-5.6.3.jar:5.6.3]
	at org.elasticsearch.common.util.concurrent.ThreadContext$ContextPreservingAbstractRunnable.doRun(ThreadContext.java:638) ~[elasticsearch-5.6.3.jar:5.6.3]
	at org.elasticsearch.common.util.concurrent.AbstractRunnable.run(AbstractRunnable.java:37) ~[elasticsearch-5.6.3.jar:5.6.3]
	... 3 more
2018.10.24 11:50:50 WARN  es[][o.e.g.GatewayAllocator$InternalPrimaryShardAllocator] [issues][3]: failed to list shard for shard_started on node [1jVhA0iBQbSTFI-lhitzpQ]
org.elasticsearch.action.FailedNodeException: Failed node [1jVhA0iBQbSTFI-lhitzpQ]
	at org.elasticsearch.action.support.nodes.TransportNodesAction$AsyncAction.onFailure(TransportNodesAction.java:239) [elasticsearch-5.6.3.jar:5.6.3]
	at org.elasticsearch.action.support.nodes.TransportNodesAction$AsyncAction.access$200(TransportNodesAction.java:153) [elasticsearch-5.6.3.jar:5.6.3]
	at org.elasticsearch.action.support.nodes.TransportNodesAction$AsyncAction$1.handleException(TransportNodesAction.java:211) [elasticsearch-5.6.3.jar:5.6.3]
	at org.elasticsearch.transport.TransportService$ContextRestoreResponseHandler.handleException(TransportService.java:1067) [elasticsearch-5.6.3.jar:5.6.3]
	at org.elasticsearch.transport.TransportService$DirectResponseChannel.processException(TransportService.java:1171) [elasticsearch-5.6.3.jar:5.6.3]
	at org.elasticsearch.transport.TransportService$DirectResponseChannel.sendResponse(TransportService.java:1149) [elasticsearch-5.6.3.jar:5.6.3]
	at org.elasticsearch.transport.TransportService$7.onFailure(TransportService.java:655) [elasticsearch-5.6.3.jar:5.6.3]
	at org.elasticsearch.common.util.concurrent.ThreadContext$ContextPreservingAbstractRunnable.onFailure(ThreadContext.java:623) [elasticsearch-5.6.3.jar:5.6.3]
	at org.elasticsearch.common.util.concurrent.AbstractRunnable.run(AbstractRunnable.java:39) [elasticsearch-5.6.3.jar:5.6.3]
	at java.util.concurrent.ThreadPoolExecutor.runWorker(Unknown Source) [?:1.8.0_191]
	at java.util.concurrent.ThreadPoolExecutor$Worker.run(Unknown Source) [?:1.8.0_191]
	at java.lang.Thread.run(Unknown Source) [?:1.8.0_191]
Caused by: org.elasticsearch.transport.RemoteTransportException: [sonarqube][127.0.0.1:9001][internal:gateway/local/started_shards[n]]
Caused by: org.elasticsearch.ElasticsearchException: failed to load started shards
	at org.elasticsearch.gateway.TransportNodesListGatewayStartedShards.nodeOperation(TransportNodesListGatewayStartedShards.java:171) ~[elasticsearch-5.6.3.jar:5.6.3]
	at org.elasticsearch.gateway.TransportNodesListGatewayStartedShards.nodeOperation(TransportNodesListGatewayStartedShards.java:61) ~[elasticsearch-5.6.3.jar:5.6.3]
	at org.elasticsearch.action.support.nodes.TransportNodesAction.nodeOperation(TransportNodesAction.java:140) ~[elasticsearch-5.6.3.jar:5.6.3]
	at org.elasticsearch.action.support.nodes.TransportNodesAction$NodeTransportHandler.messageReceived(TransportNodesAction.java:262) ~[elasticsearch-5.6.3.jar:5.6.3]
	at org.elasticsearch.action.support.nodes.TransportNodesAction$NodeTransportHandler.messageReceived(TransportNodesAction.java:258) ~[elasticsearch-5.6.3.jar:5.6.3]
	at org.elasticsearch.transport.RequestHandlerRegistry.processMessageReceived(RequestHandlerRegistry.java:69) ~[elasticsearch-5.6.3.jar:5.6.3]
	at org.elasticsearch.transport.TransportService$7.doRun(TransportService.java:644) ~[elasticsearch-5.6.3.jar:5.6.3]
	at org.elasticsearch.common.util.concurrent.ThreadContext$ContextPreservingAbstractRunnable.doRun(ThreadContext.java:638) ~[elasticsearch-5.6.3.jar:5.6.3]
	at org.elasticsearch.common.util.concurrent.AbstractRunnable.run(AbstractRunnable.java:37) ~[elasticsearch-5.6.3.jar:5.6.3]
	... 3 more
Caused by: org.elasticsearch.ElasticsearchException: java.io.IOException: failed to read [id:7, legacy:false, file:C:\Users\pause\eclipse-workspace\myProject\tmp\sonarqube-7.3\data\es5\nodes\0\indices\AcOiw9f8Tk2r5HY4izyeXw\_state\state-7.st]
	at org.elasticsearch.ExceptionsHelper.maybeThrowRuntimeAndSuppress(ExceptionsHelper.java:150) ~[elasticsearch-5.6.3.jar:5.6.3]
	at org.elasticsearch.gateway.MetaDataStateFormat.loadLatestState(MetaDataStateFormat.java:334) ~[elasticsearch-5.6.3.jar:5.6.3]
	at org.elasticsearch.gateway.TransportNodesListGatewayStartedShards.nodeOperation(TransportNodesListGatewayStartedShards.java:127) ~[elasticsearch-5.6.3.jar:5.6.3]
	at org.elasticsearch.gateway.TransportNodesListGatewayStartedShards.nodeOperation(TransportNodesListGatewayStartedShards.java:61) ~[elasticsearch-5.6.3.jar:5.6.3]
	at org.elasticsearch.action.support.nodes.TransportNodesAction.nodeOperation(TransportNodesAction.java:140) ~[elasticsearch-5.6.3.jar:5.6.3]
	at org.elasticsearch.action.support.nodes.TransportNodesAction$NodeTransportHandler.messageReceived(TransportNodesAction.java:262) ~[elasticsearch-5.6.3.jar:5.6.3]
	at org.elasticsearch.action.support.nodes.TransportNodesAction$NodeTransportHandler.messageReceived(TransportNodesAction.java:258) ~[elasticsearch-5.6.3.jar:5.6.3]
	at org.elasticsearch.transport.RequestHandlerRegistry.processMessageReceived(RequestHandlerRegistry.java:69) ~[elasticsearch-5.6.3.jar:5.6.3]
	at org.elasticsearch.transport.TransportService$7.doRun(TransportService.java:644) ~[elasticsearch-5.6.3.jar:5.6.3]
	at org.elasticsearch.common.util.concurrent.ThreadContext$ContextPreservingAbstractRunnable.doRun(ThreadContext.java:638) ~[elasticsearch-5.6.3.jar:5.6.3]
	at org.elasticsearch.common.util.concurrent.AbstractRunnable.run(AbstractRunnable.java:37) ~[elasticsearch-5.6.3.jar:5.6.3]
	... 3 more
Caused by: java.io.IOException: failed to read [id:7, legacy:false, file:C:\Users\pause\eclipse-workspace\myProject\tmp\sonarqube-7.3\data\es5\nodes\0\indices\AcOiw9f8Tk2r5HY4izyeXw\_state\state-7.st]
	at org.elasticsearch.gateway.MetaDataStateFormat.loadLatestState(MetaDataStateFormat.java:327) ~[elasticsearch-5.6.3.jar:5.6.3]
	at org.elasticsearch.gateway.TransportNodesListGatewayStartedShards.nodeOperation(TransportNodesListGatewayStartedShards.java:127) ~[elasticsearch-5.6.3.jar:5.6.3]
	at org.elasticsearch.gateway.TransportNodesListGatewayStartedShards.nodeOperation(TransportNodesListGatewayStartedShards.java:61) ~[elasticsearch-5.6.3.jar:5.6.3]
	at org.elasticsearch.action.support.nodes.TransportNodesAction.nodeOperation(TransportNodesAction.java:140) ~[elasticsearch-5.6.3.jar:5.6.3]
	at org.elasticsearch.action.support.nodes.TransportNodesAction$NodeTransportHandler.messageReceived(TransportNodesAction.java:262) ~[elasticsearch-5.6.3.jar:5.6.3]
	at org.elasticsearch.action.support.nodes.TransportNodesAction$NodeTransportHandler.messageReceived(TransportNodesAction.java:258) ~[elasticsearch-5.6.3.jar:5.6.3]
	at org.elasticsearch.transport.RequestHandlerRegistry.processMessageReceived(RequestHandlerRegistry.java:69) ~[elasticsearch-5.6.3.jar:5.6.3]
	at org.elasticsearch.transport.TransportService$7.doRun(TransportService.java:644) ~[elasticsearch-5.6.3.jar:5.6.3]
	at org.elasticsearch.common.util.concurrent.ThreadContext$ContextPreservingAbstractRunnable.doRun(ThreadContext.java:638) ~[elasticsearch-5.6.3.jar:5.6.3]
	at org.elasticsearch.common.util.concurrent.AbstractRunnable.run(AbstractRunnable.java:37) ~[elasticsearch-5.6.3.jar:5.6.3]
	... 3 more
Caused by: java.nio.file.NoSuchFileException: C:\Users\pause\eclipse-workspace\myProject\tmp\sonarqube-7.3\data\es5\nodes\0\indices\AcOiw9f8Tk2r5HY4izyeXw\_state\state-7.st
	at sun.nio.fs.WindowsException.translateToIOException(Unknown Source) ~[?:?]
	at sun.nio.fs.WindowsException.rethrowAsIOException(Unknown Source) ~[?:?]
	at sun.nio.fs.WindowsException.rethrowAsIOException(Unknown Source) ~[?:?]
	at sun.nio.fs.WindowsFileSystemProvider.newByteChannel(Unknown Source) ~[?:?]
	at java.nio.file.Files.newByteChannel(Unknown Source) ~[?:1.8.0_191]
	at java.nio.file.Files.newByteChannel(Unknown Source) ~[?:1.8.0_191]
	at org.apache.lucene.store.SimpleFSDirectory.openInput(SimpleFSDirectory.java:77) ~[lucene-core-6.6.1.jar:6.6.1 9aa465a89b64ff2dabe7b4d50c472de32c298683 - varunthacker - 2017-08-29 21:54:39]
	at org.elasticsearch.gateway.MetaDataStateFormat.read(MetaDataStateFormat.java:187) ~[elasticsearch-5.6.3.jar:5.6.3]
	at org.elasticsearch.gateway.MetaDataStateFormat.loadLatestState(MetaDataStateFormat.java:322) ~[elasticsearch-5.6.3.jar:5.6.3]
	at org.elasticsearch.gateway.TransportNodesListGatewayStartedShards.nodeOperation(TransportNodesListGatewayStartedShards.java:127) ~[elasticsearch-5.6.3.jar:5.6.3]
	at org.elasticsearch.gateway.TransportNodesListGatewayStartedShards.nodeOperation(TransportNodesListGatewayStartedShards.java:61) ~[elasticsearch-5.6.3.jar:5.6.3]
	at org.elasticsearch.action.support.nodes.TransportNodesAction.nodeOperation(TransportNodesAction.java:140) ~[elasticsearch-5.6.3.jar:5.6.3]
	at org.elasticsearch.action.support.nodes.TransportNodesAction$NodeTransportHandler.messageReceived(TransportNodesAction.java:262) ~[elasticsearch-5.6.3.jar:5.6.3]
	at org.elasticsearch.action.support.nodes.TransportNodesAction$NodeTransportHandler.messageReceived(TransportNodesAction.java:258) ~[elasticsearch-5.6.3.jar:5.6.3]
	at org.elasticsearch.transport.RequestHandlerRegistry.processMessageReceived(RequestHandlerRegistry.java:69) ~[elasticsearch-5.6.3.jar:5.6.3]
	at org.elasticsearch.transport.TransportService$7.doRun(TransportService.java:644) ~[elasticsearch-5.6.3.jar:5.6.3]
	at org.elasticsearch.common.util.concurrent.ThreadContext$ContextPreservingAbstractRunnable.doRun(ThreadContext.java:638) ~[elasticsearch-5.6.3.jar:5.6.3]
	at org.elasticsearch.common.util.concurrent.AbstractRunnable.run(AbstractRunnable.java:37) ~[elasticsearch-5.6.3.jar:5.6.3]
	... 3 more
2018.10.24 11:50:50 INFO  es[][o.e.g.GatewayService] recovered [8] indices into cluster_state
2018.10.24 11:50:51 INFO  es[][o.e.c.r.a.AllocationService] Cluster health status changed from [RED] to [GREEN] (reason: [shards started [[metadatas][0]] ...]).
2018.10.24 11:55:26 INFO  es[][o.e.n.Node] stopping ...
2018.10.24 11:55:26 INFO  es[][o.e.n.Node] stopped
2018.10.24 11:55:26 INFO  es[][o.e.n.Node] closing ...
2018.10.24 11:55:26 INFO  es[][o.e.n.Node] closed
