--> Wrapper Started as Console
Launching a JVM...
Wrapper (Version 3.2.3) http://wrapper.tanukisoftware.org
  Copyright 1999-2006 Tanuki Software, Inc.  All Rights Reserved.

2018.10.23 00:16:52 INFO  app[][o.s.a.AppFileSystem] Cleaning or creating temp directory C:\Users\pause\eclipse-workspace\LabDevops\tmp\sonarqube-7.3\temp
2018.10.23 00:16:52 INFO  app[][o.s.a.es.EsSettings] Elasticsearch listening on /127.0.0.1:9001
2018.10.23 00:16:52 INFO  app[][o.s.a.p.ProcessLauncherImpl] Launch process[[key='es', ipcIndex=1, logFilenamePrefix=es]] from [C:\Users\pause\eclipse-workspace\LabDevops\tmp\sonarqube-7.3\elasticsearch]: C:\Program Files\Java\jre1.8.0_191\bin\java -XX:+UseConcMarkSweepGC -XX:CMSInitiatingOccupancyFraction=75 -XX:+UseCMSInitiatingOccupancyOnly -XX:+AlwaysPreTouch -server -Xss1m -Djava.awt.headless=true -Dfile.encoding=UTF-8 -Djna.nosys=true -Djdk.io.permissionsUseCanonicalPath=true -Dio.netty.noUnsafe=true -Dio.netty.noKeySetOptimization=true -Dio.netty.recycler.maxCapacityPerThread=0 -Dlog4j.shutdownHookEnabled=false -Dlog4j2.disable.jmx=true -Dlog4j.skipJansi=true -Xms512m -Xmx512m -XX:+HeapDumpOnOutOfMemoryError -Delasticsearch -Des.path.home=C:\Users\pause\eclipse-workspace\LabDevops\tmp\sonarqube-7.3\elasticsearch -cp lib/* org.elasticsearch.bootstrap.Elasticsearch -Epath.conf=C:\Users\pause\eclipse-workspace\LabDevops\tmp\sonarqube-7.3\temp\conf\es
2018.10.23 00:16:52 INFO  app[][o.s.a.SchedulerImpl] Waiting for Elasticsearch to be up and running
2018.10.23 00:16:53 INFO  app[][o.e.p.PluginsService] no modules loaded
2018.10.23 00:16:53 INFO  app[][o.e.p.PluginsService] loaded plugin [org.elasticsearch.transport.Netty4Plugin]
2018.10.23 00:17:00 INFO  app[][o.s.a.SchedulerImpl] Process[es] is up
2018.10.23 00:17:00 INFO  app[][o.s.a.p.ProcessLauncherImpl] Launch process[[key='web', ipcIndex=2, logFilenamePrefix=web]] from [C:\Users\pause\eclipse-workspace\LabDevops\tmp\sonarqube-7.3]: C:\Program Files\Java\jre1.8.0_191\bin\java -Djava.awt.headless=true -Dfile.encoding=UTF-8 -Djava.io.tmpdir=C:\Users\pause\eclipse-workspace\LabDevops\tmp\sonarqube-7.3\temp -Xmx512m -Xms128m -XX:+HeapDumpOnOutOfMemoryError -cp ./lib/common/*;C:\Users\pause\eclipse-workspace\LabDevops\tmp\sonarqube-7.3\lib\jdbc\h2\h2-1.3.176.jar org.sonar.server.app.WebServer C:\Users\pause\eclipse-workspace\LabDevops\tmp\sonarqube-7.3\temp\sq-process5140973477489414611properties
--> Wrapper Started as Console
Launching a JVM...
Wrapper (Version 3.2.3) http://wrapper.tanukisoftware.org
  Copyright 1999-2006 Tanuki Software, Inc.  All Rights Reserved.


WARNING - Unable to load the Wrapper's native library 'wrapper.dll'.
          The file is located on the path at the following location but
          could not be loaded:
            C:\Users\pause\eclipse-workspace\LabDevops\tmp\sonarqube-7.3\bin\windows-x86-32\.\lib\wrapper.dll
          Please verify that the file is readable by the current user
          and that the file has not been corrupted in any way.
          One common cause of this problem is running a 32-bit version
          of the Wrapper with a 64-bit version of Java, or vica versa.
          This is a 64-bit JVM.
          Reported cause:
            C:\Users\pause\eclipse-workspace\LabDevops\tmp\sonarqube-7.3\bin\windows-x86-32\lib\wrapper.dll: Can't load IA 32-bit .dll on a AMD 64-bit platform
          System signals will not be handled correctly.

2018.10.23 00:17:18 INFO  app[][o.s.a.AppFileSystem] Cleaning or creating temp directory C:\Users\pause\eclipse-workspace\LabDevops\tmp\sonarqube-7.3\temp
2018.10.23 00:17:18 INFO  app[][o.s.a.es.EsSettings] Elasticsearch listening on /127.0.0.1:9001
2018.10.23 00:17:19 INFO  app[][o.s.a.p.ProcessLauncherImpl] Launch process[[key='es', ipcIndex=1, logFilenamePrefix=es]] from [C:\Users\pause\eclipse-workspace\LabDevops\tmp\sonarqube-7.3\elasticsearch]: C:\Program Files\Java\jre1.8.0_191\bin\java -XX:+UseConcMarkSweepGC -XX:CMSInitiatingOccupancyFraction=75 -XX:+UseCMSInitiatingOccupancyOnly -XX:+AlwaysPreTouch -server -Xss1m -Djava.awt.headless=true -Dfile.encoding=UTF-8 -Djna.nosys=true -Djdk.io.permissionsUseCanonicalPath=true -Dio.netty.noUnsafe=true -Dio.netty.noKeySetOptimization=true -Dio.netty.recycler.maxCapacityPerThread=0 -Dlog4j.shutdownHookEnabled=false -Dlog4j2.disable.jmx=true -Dlog4j.skipJansi=true -Xms512m -Xmx512m -XX:+HeapDumpOnOutOfMemoryError -Delasticsearch -Des.path.home=C:\Users\pause\eclipse-workspace\LabDevops\tmp\sonarqube-7.3\elasticsearch -cp lib/* org.elasticsearch.bootstrap.Elasticsearch -Epath.conf=C:\Users\pause\eclipse-workspace\LabDevops\tmp\sonarqube-7.3\temp\conf\es
2018.10.23 00:17:19 INFO  app[][o.s.a.SchedulerImpl] Waiting for Elasticsearch to be up and running
2018.10.23 00:17:19 INFO  app[][o.e.p.PluginsService] no modules loaded
2018.10.23 00:17:19 INFO  app[][o.e.p.PluginsService] loaded plugin [org.elasticsearch.transport.Netty4Plugin]
2018.10.23 00:17:21 WARN  app[][o.s.a.p.AbstractProcessMonitor] Process exited with exit value [es]: 1
2018.10.23 00:17:21 INFO  app[][o.s.a.SchedulerImpl] Process [es] is stopped
2018.10.23 00:17:21 INFO  app[][o.s.a.SchedulerImpl] SonarQube is stopped
<-- Wrapper Stopped
--> Wrapper Started as Console
Launching a JVM...
Wrapper (Version 3.2.3) http://wrapper.tanukisoftware.org
  Copyright 1999-2006 Tanuki Software, Inc.  All Rights Reserved.


WARNING - Unable to load the Wrapper's native library 'wrapper.dll'.
          The file is located on the path at the following location but
          could not be loaded:
            C:\Users\pause\eclipse-workspace\LabDevops\tmp\sonarqube-7.3\bin\windows-x86-32\.\lib\wrapper.dll
          Please verify that the file is readable by the current user
          and that the file has not been corrupted in any way.
          One common cause of this problem is running a 32-bit version
          of the Wrapper with a 64-bit version of Java, or vica versa.
          This is a 64-bit JVM.
          Reported cause:
            C:\Users\pause\eclipse-workspace\LabDevops\tmp\sonarqube-7.3\bin\windows-x86-32\lib\wrapper.dll: Can't load IA 32-bit .dll on a AMD 64-bit platform
          System signals will not be handled correctly.

2018.10.23 00:19:12 INFO  app[][o.s.a.AppFileSystem] Cleaning or creating temp directory C:\Users\pause\eclipse-workspace\LabDevops\tmp\sonarqube-7.3\temp
2018.10.23 00:19:12 INFO  app[][o.s.a.es.EsSettings] Elasticsearch listening on /127.0.0.1:9001
2018.10.23 00:19:12 INFO  app[][o.s.a.p.ProcessLauncherImpl] Launch process[[key='es', ipcIndex=1, logFilenamePrefix=es]] from [C:\Users\pause\eclipse-workspace\LabDevops\tmp\sonarqube-7.3\elasticsearch]: C:\Program Files\Java\jre1.8.0_191\bin\java -XX:+UseConcMarkSweepGC -XX:CMSInitiatingOccupancyFraction=75 -XX:+UseCMSInitiatingOccupancyOnly -XX:+AlwaysPreTouch -server -Xss1m -Djava.awt.headless=true -Dfile.encoding=UTF-8 -Djna.nosys=true -Djdk.io.permissionsUseCanonicalPath=true -Dio.netty.noUnsafe=true -Dio.netty.noKeySetOptimization=true -Dio.netty.recycler.maxCapacityPerThread=0 -Dlog4j.shutdownHookEnabled=false -Dlog4j2.disable.jmx=true -Dlog4j.skipJansi=true -Xms512m -Xmx512m -XX:+HeapDumpOnOutOfMemoryError -Delasticsearch -Des.path.home=C:\Users\pause\eclipse-workspace\LabDevops\tmp\sonarqube-7.3\elasticsearch -cp lib/* org.elasticsearch.bootstrap.Elasticsearch -Epath.conf=C:\Users\pause\eclipse-workspace\LabDevops\tmp\sonarqube-7.3\temp\conf\es
2018.10.23 00:19:12 INFO  app[][o.s.a.SchedulerImpl] Waiting for Elasticsearch to be up and running
2018.10.23 00:19:12 INFO  app[][o.e.p.PluginsService] no modules loaded
2018.10.23 00:19:12 INFO  app[][o.e.p.PluginsService] loaded plugin [org.elasticsearch.transport.Netty4Plugin]
2018.10.23 00:19:13 WARN  app[][o.s.a.p.AbstractProcessMonitor] Process exited with exit value [es]: 1
2018.10.23 00:19:13 INFO  app[][o.s.a.SchedulerImpl] Process [es] is stopped
2018.10.23 00:19:13 INFO  app[][o.s.a.SchedulerImpl] SonarQube is stopped
<-- Wrapper Stopped
--> Wrapper Started as Console
Launching a JVM...
Wrapper (Version 3.2.3) http://wrapper.tanukisoftware.org
  Copyright 1999-2006 Tanuki Software, Inc.  All Rights Reserved.


WARNING - Unable to load the Wrapper's native library 'wrapper.dll'.
          The file is located on the path at the following location but
          could not be loaded:
            C:\Users\pause\eclipse-workspace\LabDevops\tmp\sonarqube-7.3\bin\windows-x86-32\.\lib\wrapper.dll
          Please verify that the file is readable by the current user
          and that the file has not been corrupted in any way.
          One common cause of this problem is running a 32-bit version
          of the Wrapper with a 64-bit version of Java, or vica versa.
          This is a 64-bit JVM.
          Reported cause:
            C:\Users\pause\eclipse-workspace\LabDevops\tmp\sonarqube-7.3\bin\windows-x86-32\lib\wrapper.dll: Can't load IA 32-bit .dll on a AMD 64-bit platform
          System signals will not be handled correctly.

2018.10.23 00:19:43 INFO  app[][o.s.a.AppFileSystem] Cleaning or creating temp directory C:\Users\pause\eclipse-workspace\LabDevops\tmp\sonarqube-7.3\temp
2018.10.23 00:19:43 INFO  app[][o.s.a.es.EsSettings] Elasticsearch listening on /127.0.0.1:9001
2018.10.23 00:19:43 INFO  app[][o.s.a.p.ProcessLauncherImpl] Launch process[[key='es', ipcIndex=1, logFilenamePrefix=es]] from [C:\Users\pause\eclipse-workspace\LabDevops\tmp\sonarqube-7.3\elasticsearch]: C:\Program Files\Java\jre1.8.0_191\bin\java -XX:+UseConcMarkSweepGC -XX:CMSInitiatingOccupancyFraction=75 -XX:+UseCMSInitiatingOccupancyOnly -XX:+AlwaysPreTouch -server -Xss1m -Djava.awt.headless=true -Dfile.encoding=UTF-8 -Djna.nosys=true -Djdk.io.permissionsUseCanonicalPath=true -Dio.netty.noUnsafe=true -Dio.netty.noKeySetOptimization=true -Dio.netty.recycler.maxCapacityPerThread=0 -Dlog4j.shutdownHookEnabled=false -Dlog4j2.disable.jmx=true -Dlog4j.skipJansi=true -Xms512m -Xmx512m -XX:+HeapDumpOnOutOfMemoryError -Delasticsearch -Des.path.home=C:\Users\pause\eclipse-workspace\LabDevops\tmp\sonarqube-7.3\elasticsearch -cp lib/* org.elasticsearch.bootstrap.Elasticsearch -Epath.conf=C:\Users\pause\eclipse-workspace\LabDevops\tmp\sonarqube-7.3\temp\conf\es
2018.10.23 00:19:43 INFO  app[][o.s.a.SchedulerImpl] Waiting for Elasticsearch to be up and running
2018.10.23 00:19:43 INFO  app[][o.e.p.PluginsService] no modules loaded
2018.10.23 00:19:43 INFO  app[][o.e.p.PluginsService] loaded plugin [org.elasticsearch.transport.Netty4Plugin]
2018.10.23 00:19:44 WARN  app[][o.s.a.p.AbstractProcessMonitor] Process exited with exit value [es]: 1
2018.10.23 00:19:44 INFO  app[][o.s.a.SchedulerImpl] Process [es] is stopped
2018.10.23 00:19:44 INFO  app[][o.s.a.SchedulerImpl] SonarQube is stopped
<-- Wrapper Stopped
--> Wrapper Started as Console
Launching a JVM...
Wrapper (Version 3.2.3) http://wrapper.tanukisoftware.org
  Copyright 1999-2006 Tanuki Software, Inc.  All Rights Reserved.

2018.10.24 11:50:38 INFO  app[][o.s.a.AppFileSystem] Cleaning or creating temp directory C:\Users\pause\eclipse-workspace\myProject\tmp\sonarqube-7.3\temp
2018.10.24 11:50:38 INFO  app[][o.s.a.es.EsSettings] Elasticsearch listening on /127.0.0.1:9001
2018.10.24 11:50:38 INFO  app[][o.s.a.p.ProcessLauncherImpl] Launch process[[key='es', ipcIndex=1, logFilenamePrefix=es]] from [C:\Users\pause\eclipse-workspace\myProject\tmp\sonarqube-7.3\elasticsearch]: C:\Program Files\Java\jre1.8.0_191\bin\java -XX:+UseConcMarkSweepGC -XX:CMSInitiatingOccupancyFraction=75 -XX:+UseCMSInitiatingOccupancyOnly -XX:+AlwaysPreTouch -server -Xss1m -Djava.awt.headless=true -Dfile.encoding=UTF-8 -Djna.nosys=true -Djdk.io.permissionsUseCanonicalPath=true -Dio.netty.noUnsafe=true -Dio.netty.noKeySetOptimization=true -Dio.netty.recycler.maxCapacityPerThread=0 -Dlog4j.shutdownHookEnabled=false -Dlog4j2.disable.jmx=true -Dlog4j.skipJansi=true -Xms512m -Xmx512m -XX:+HeapDumpOnOutOfMemoryError -Delasticsearch -Des.path.home=C:\Users\pause\eclipse-workspace\myProject\tmp\sonarqube-7.3\elasticsearch -cp lib/* org.elasticsearch.bootstrap.Elasticsearch -Epath.conf=C:\Users\pause\eclipse-workspace\myProject\tmp\sonarqube-7.3\temp\conf\es
2018.10.24 11:50:38 INFO  app[][o.s.a.SchedulerImpl] Waiting for Elasticsearch to be up and running
2018.10.24 11:50:38 INFO  app[][o.e.p.PluginsService] no modules loaded
2018.10.24 11:50:38 INFO  app[][o.e.p.PluginsService] loaded plugin [org.elasticsearch.transport.Netty4Plugin]
2018.10.24 11:50:51 INFO  app[][o.s.a.SchedulerImpl] Process[es] is up
2018.10.24 11:50:51 INFO  app[][o.s.a.p.ProcessLauncherImpl] Launch process[[key='web', ipcIndex=2, logFilenamePrefix=web]] from [C:\Users\pause\eclipse-workspace\myProject\tmp\sonarqube-7.3]: C:\Program Files\Java\jre1.8.0_191\bin\java -Djava.awt.headless=true -Dfile.encoding=UTF-8 -Djava.io.tmpdir=C:\Users\pause\eclipse-workspace\myProject\tmp\sonarqube-7.3\temp -Xmx512m -Xms128m -XX:+HeapDumpOnOutOfMemoryError -cp ./lib/common/*;C:\Users\pause\eclipse-workspace\myProject\tmp\sonarqube-7.3\lib\jdbc\h2\h2-1.3.176.jar org.sonar.server.app.WebServer C:\Users\pause\eclipse-workspace\myProject\tmp\sonarqube-7.3\temp\sq-process6846285356169998977properties
2018.10.24 11:51:18 INFO  app[][o.s.a.SchedulerImpl] Process[web] is up
2018.10.24 11:51:18 INFO  app[][o.s.a.p.ProcessLauncherImpl] Launch process[[key='ce', ipcIndex=3, logFilenamePrefix=ce]] from [C:\Users\pause\eclipse-workspace\myProject\tmp\sonarqube-7.3]: C:\Program Files\Java\jre1.8.0_191\bin\java -Djava.awt.headless=true -Dfile.encoding=UTF-8 -Djava.io.tmpdir=C:\Users\pause\eclipse-workspace\myProject\tmp\sonarqube-7.3\temp -Xmx512m -Xms128m -XX:+HeapDumpOnOutOfMemoryError -cp ./lib/common/*;C:\Users\pause\eclipse-workspace\myProject\tmp\sonarqube-7.3\lib\jdbc\h2\h2-1.3.176.jar org.sonar.ce.app.CeServer C:\Users\pause\eclipse-workspace\myProject\tmp\sonarqube-7.3\temp\sq-process4600758902957016900properties
2018.10.24 11:51:25 INFO  app[][o.s.a.SchedulerImpl] Process[ce] is up
2018.10.24 11:51:25 INFO  app[][o.s.a.SchedulerImpl] SonarQube is up
CTRL-C trapped.  Shutting down.
2018.10.24 11:55:26 WARN  app[][o.s.a.p.AbstractProcessMonitor] Process exited with exit value [es]: 130
2018.10.24 11:55:26 INFO  app[][o.s.a.SchedulerImpl] Process [es] is stopped
2018.10.24 11:55:29 WARN  app[][o.s.a.p.AbstractProcessMonitor] Process exited with exit value [ce]: 130
2018.10.24 11:55:29 INFO  app[][o.s.a.SchedulerImpl] Process [ce] is stopped
2018.10.24 11:55:29 WARN  app[][o.s.a.p.AbstractProcessMonitor] Process exited with exit value [ce]: 130
2018.10.24 11:55:29 WARN  app[][o.s.a.p.AbstractProcessMonitor] Process exited with exit value [web]: 130
2018.10.24 11:55:29 WARN  app[][o.s.a.p.AbstractProcessMonitor] Process exited with exit value [web]: 130
2018.10.24 11:55:29 INFO  app[][o.s.a.SchedulerImpl] Process [web] is stopped
<-- Wrapper Stopped
