2018.10.23 00:17:01 INFO  web[][o.s.p.ProcessEntryPoint] Starting web
2018.10.23 00:17:01 INFO  web[][o.a.t.u.n.NioSelectorPool] Using a shared selector for servlet write/read
2018.10.23 00:17:02 INFO  web[][o.s.c.e.CoreExtensionsLoader] Loaded core extensions: 
2018.10.23 00:17:02 INFO  web[][o.e.p.PluginsService] no modules loaded
2018.10.23 00:17:02 INFO  web[][o.e.p.PluginsService] loaded plugin [org.elasticsearch.join.ParentJoinPlugin]
2018.10.23 00:17:02 INFO  web[][o.e.p.PluginsService] loaded plugin [org.elasticsearch.percolator.PercolatorPlugin]
2018.10.23 00:17:02 INFO  web[][o.e.p.PluginsService] loaded plugin [org.elasticsearch.transport.Netty4Plugin]
2018.10.23 00:17:03 INFO  web[][o.s.s.e.EsClientProvider] Connected to local Elasticsearch: [127.0.0.1:9001]
2018.10.23 00:17:03 INFO  web[][o.s.s.p.LogServerVersion] SonarQube Server / 7.3.0.15553 / 7f72262e02808e9431d97735ece621a22a1d8208
2018.10.23 00:17:03 INFO  web[][o.s.s.p.d.EmbeddedDatabase] Starting embedded database on port 9092 with url jdbc:h2:tcp://127.0.0.1:9092/sonar
2018.10.23 00:17:03 INFO  web[][o.s.s.p.d.EmbeddedDatabase] Embedded database started. Data stored in: C:\Users\pause\eclipse-workspace\LabDevops\tmp\sonarqube-7.3\data
2018.10.23 00:17:03 INFO  web[][o.sonar.db.Database] Create JDBC data source for jdbc:h2:tcp://127.0.0.1:9092/sonar
2018.10.23 00:17:03 WARN  web[][o.s.d.DatabaseChecker] H2 database should be used for evaluation purpose only.
2018.10.23 00:17:04 INFO  web[][o.s.s.p.ServerFileSystemImpl] SonarQube home: C:\Users\pause\eclipse-workspace\LabDevops\tmp\sonarqube-7.3
2018.10.23 00:17:04 INFO  web[][o.s.s.u.SystemPasscodeImpl] System authentication by passcode is disabled
2018.10.23 00:17:04 INFO  web[][o.s.s.p.d.m.h.MigrationHistoryTableImpl] Creating table schema_migrations
2018.10.23 00:17:04 INFO  web[][o.s.s.p.ServerPluginRepository] Deploy plugin Git / 1.4.1.1128 / e051f5aeb379541b13956447b5dc8b4e0b23b098
2018.10.23 00:17:04 INFO  web[][o.s.s.p.ServerPluginRepository] Deploy plugin LDAP / 2.2.0.608 / 79dc3fa4393a29667673c70182f3016288b548b7
2018.10.23 00:17:04 INFO  web[][o.s.s.p.ServerPluginRepository] Deploy plugin SonarC# / 7.3.2.6129 / e7a731061a7fa928c4e1c11b830f22db97a61f83
2018.10.23 00:17:04 INFO  web[][o.s.s.p.ServerPluginRepository] Deploy plugin SonarCSS / 1.0.1.508 / 2eb799e363666ae65036ad61a6e6adc1a1283097
2018.10.23 00:17:04 INFO  web[][o.s.s.p.ServerPluginRepository] Deploy plugin SonarFlex / 2.4.0.1222 / 68d9cb3b7daccbc4869c4f2b89d09218d26a0829
2018.10.23 00:17:04 INFO  web[][o.s.s.p.ServerPluginRepository] Deploy plugin SonarGo / 1.1.0.1612 / 1809c7be6d88396c0a1b8d597b1e9e0ed8d29730
2018.10.23 00:17:04 INFO  web[][o.s.s.p.ServerPluginRepository] Deploy plugin SonarJS / 4.2.0.6476 / a21b56462f3375b5d51d90f1819862878476d817
2018.10.23 00:17:04 INFO  web[][o.s.s.p.ServerPluginRepository] Deploy plugin SonarJava / 5.6.1.15064 / dd4545a04af6f7d0cb0486926cfa8cfc5cae5ee1
2018.10.23 00:17:04 INFO  web[][o.s.s.p.ServerPluginRepository] Deploy plugin SonarKotlin / 1.0.1.965 / b5872affdfeda52e0a71494e2df9a3524b80d3bc
2018.10.23 00:17:04 INFO  web[][o.s.s.p.ServerPluginRepository] Deploy plugin SonarPHP / 2.14.0.3569 / 59a202b8d1c5276ce32da2a0bc63c94cae4cdeb2
2018.10.23 00:17:04 INFO  web[][o.s.s.p.ServerPluginRepository] Deploy plugin SonarPython / 1.10.0.2131 / a00e0ddc83bbeb01a9ee7475fab9eafe3f4096ac
2018.10.23 00:17:04 INFO  web[][o.s.s.p.ServerPluginRepository] Deploy plugin SonarTS / 1.7.0.2893 / 0d296cae94240b183a0b3ae6e1a409a60fe9f865
2018.10.23 00:17:04 INFO  web[][o.s.s.p.ServerPluginRepository] Deploy plugin SonarXML / 1.5.1.1452 / eadc1dcd0e24a3c77068e3c1d41af0327d6b16ea
2018.10.23 00:17:04 INFO  web[][o.s.s.p.ServerPluginRepository] Deploy plugin Svn / 1.8.0.1168 / 4143f2d119022a758f6bf40aed4294e4c31706cf
2018.10.23 00:17:05 INFO  web[][o.s.s.p.d.m.AutoDbMigration] Automatically perform DB migration on fresh install
2018.10.23 00:17:05 INFO  web[][o.s.s.p.Platform] Database has been automatically updated
2018.10.23 00:17:05 INFO  web[][o.s.s.p.w.MasterServletFilter] Initializing servlet filter org.sonar.server.ws.WebServiceFilter@5aefb630 [pattern=UrlPattern{inclusions=[/api/system/migrate_db.*, ...], exclusions=[/api/properties*, ...]}]
2018.10.23 00:17:06 INFO  web[][o.s.s.a.EmbeddedTomcat] HTTP connector enabled on port 9000
2018.10.23 00:17:07 WARN  web[][o.s.c.p.ComponentKeys] Bad component key: org.sonar.java.externalreport.ExternalRulesDefinition@339ed3d5. Please implement toString() method on class org.sonar.java.externalreport.ExternalRulesDefinition
2018.10.23 00:17:07 WARN  web[][o.s.c.p.ComponentKeys] Bad component key: org.sonar.java.externalreport.ExternalRulesDefinition@37e39393. Please implement toString() method on class org.sonar.java.externalreport.ExternalRulesDefinition
2018.10.23 00:17:07 WARN  web[][o.s.c.p.ComponentKeys] Bad component key: org.sonar.java.externalreport.ExternalRulesDefinition@4722151. Please implement toString() method on class org.sonar.java.externalreport.ExternalRulesDefinition
2018.10.23 00:17:07 INFO  web[][o.s.s.p.UpdateCenterClient] Update center: https://update.sonarsource.org/update-center.properties (no proxy)
2018.10.23 00:17:07 INFO  web[][o.s.s.e.IndexCreator] Create index metadatas
2018.10.23 00:17:08 INFO  web[][o.s.s.e.IndexCreator] Create type metadatas/metadata
2018.10.23 00:17:08 INFO  web[][o.s.s.e.IndexCreator] Create index components
2018.10.23 00:17:08 INFO  web[][o.s.s.e.IndexCreator] Create type components/component
2018.10.23 00:17:08 INFO  web[][o.s.s.e.IndexCreator] Create type components/authorization
2018.10.23 00:17:08 INFO  web[][o.s.s.e.IndexCreator] Create index tests
2018.10.23 00:17:09 INFO  web[][o.s.s.e.IndexCreator] Create type tests/test
2018.10.23 00:17:09 INFO  web[][o.s.s.e.IndexCreator] Create index projectmeasures
2018.10.23 00:17:09 INFO  web[][o.s.s.e.IndexCreator] Create type projectmeasures/projectmeasure
2018.10.23 00:17:09 INFO  web[][o.s.s.e.IndexCreator] Create type projectmeasures/authorization
2018.10.23 00:17:09 INFO  web[][o.s.s.e.IndexCreator] Create index rules
2018.10.23 00:17:10 INFO  web[][o.s.s.e.IndexCreator] Create type rules/activeRule
2018.10.23 00:17:10 INFO  web[][o.s.s.e.IndexCreator] Create type rules/ruleExtension
2018.10.23 00:17:10 INFO  web[][o.s.s.e.IndexCreator] Create type rules/rule
2018.10.23 00:17:10 INFO  web[][o.s.s.e.IndexCreator] Create index issues
2018.10.23 00:17:10 INFO  web[][o.s.s.e.IndexCreator] Create type issues/issue
2018.10.23 00:17:10 INFO  web[][o.s.s.e.IndexCreator] Create type issues/authorization
2018.10.23 00:17:10 INFO  web[][o.s.s.e.IndexCreator] Create index users
2018.10.23 00:17:10 INFO  web[][o.s.s.e.IndexCreator] Create type users/user
2018.10.23 00:17:10 INFO  web[][o.s.s.e.IndexCreator] Create index views
2018.10.23 00:17:11 INFO  web[][o.s.s.e.IndexCreator] Create type views/view
2018.10.23 00:17:11 INFO  web[][o.s.s.s.LogServerId] Server ID: BF41A1F2-AWad2l7j1uQTauiR82oH
2018.10.23 00:17:11 WARN  web[][o.s.a.s.w.WebService$Action] The response example is not set on action api/plugins/download
2018.10.23 00:17:11 WARN  web[][o.s.a.s.w.WebService$Action] The response example is not set on action api/security_reports/show
2018.10.23 00:17:11 INFO  web[][o.s.s.t.TelemetryDaemon] Sharing of SonarQube statistics is enabled.
2018.10.23 00:17:11 INFO  web[][o.s.s.n.NotificationDaemon] Notification service started (delay 60 sec.)
2018.10.23 00:17:11 INFO  web[][o.s.s.s.GeneratePluginIndex] Generate scanner plugin index
2018.10.23 00:17:11 INFO  web[][o.s.s.s.RegisterPlugins] Register plugins
2018.10.23 00:17:11 INFO  web[][o.s.s.s.RegisterMetrics] Register metrics
2018.10.23 00:17:11 INFO  web[][o.s.s.q.RegisterQualityGates] Built-in quality gate's conditions of [Sonar way] has been updated
2018.10.23 00:17:11 INFO  web[][o.s.s.r.RegisterRules] Register rules
2018.10.23 00:17:20 INFO  web[][o.s.s.q.BuiltInQProfileRepositoryImpl] Load quality profiles
2018.10.23 00:17:21 INFO  web[][o.s.s.q.RegisterQualityProfiles] Register quality profiles
2018.10.23 00:17:21 INFO  web[][o.s.s.q.RegisterQualityProfiles] Register profile cs/Sonar way
2018.10.23 00:17:22 INFO  web[][o.s.s.q.RegisterQualityProfiles] Register profile css/Sonar way
2018.10.23 00:17:22 INFO  web[][o.s.s.q.RegisterQualityProfiles] Register profile java/Sonar way
2018.10.23 00:17:22 INFO  web[][o.s.s.q.RegisterQualityProfiles] Register profile flex/Sonar way
2018.10.23 00:17:22 INFO  web[][o.s.s.q.RegisterQualityProfiles] Register profile xml/Sonar way
2018.10.23 00:17:23 INFO  web[][o.s.s.q.RegisterQualityProfiles] Register profile kotlin/Sonar way
2018.10.23 00:17:23 INFO  web[][o.s.s.q.RegisterQualityProfiles] Register profile go/Sonar way
2018.10.23 00:17:23 INFO  web[][o.s.s.q.RegisterQualityProfiles] Register profile js/Sonar way Recommended
2018.10.23 00:17:23 INFO  web[][o.s.s.q.RegisterQualityProfiles] Register profile js/Sonar way
2018.10.23 00:17:23 INFO  web[][o.s.s.q.RegisterQualityProfiles] Register profile php/PSR-2
2018.10.23 00:17:23 INFO  web[][o.s.s.q.RegisterQualityProfiles] Register profile php/Drupal
2018.10.23 00:17:24 INFO  web[][o.s.s.q.RegisterQualityProfiles] Register profile php/Sonar way
2018.10.23 00:17:24 INFO  web[][o.s.s.q.RegisterQualityProfiles] Register profile py/Sonar way
2018.10.23 00:17:24 INFO  web[][o.s.s.q.RegisterQualityProfiles] Register profile ts/Sonar way
2018.10.23 00:17:24 INFO  web[][o.s.s.q.RegisterQualityProfiles] Register profile ts/Sonar way recommended
2018.10.23 00:17:25 INFO  web[][o.s.s.s.RegisterPermissionTemplates] Register permission templates
2018.10.23 00:17:25 INFO  web[][o.s.s.s.RenameDeprecatedPropertyKeys] Rename deprecated property keys
2018.10.23 00:17:25 INFO  web[][o.s.s.p.w.MasterServletFilter] Initializing servlet filter org.sonar.server.ws.WebServiceFilter@335b47b9 [pattern=UrlPattern{inclusions=[/api/issues/delete_comment.*, ...], exclusions=[/api/properties*, ...]}]
2018.10.23 00:17:25 INFO  web[][o.s.s.p.w.MasterServletFilter] Initializing servlet filter org.sonar.server.ws.DeprecatedPropertiesWsFilter@2ad10398 [pattern=UrlPattern{inclusions=[/api/properties/*], exclusions=[]}]
2018.10.23 00:17:25 INFO  web[][o.s.s.p.w.MasterServletFilter] Initializing servlet filter org.sonar.server.ws.WebServiceReroutingFilter@1358c50e [pattern=UrlPattern{inclusions=[/api/components/bulk_update_key, ...], exclusions=[]}]
2018.10.23 00:17:25 INFO  web[][o.s.s.p.w.MasterServletFilter] Initializing servlet filter org.sonar.server.authentication.InitFilter@3dc6da1f [pattern=UrlPattern{inclusions=[/sessions/init/*], exclusions=[]}]
2018.10.23 00:17:25 INFO  web[][o.s.s.p.w.MasterServletFilter] Initializing servlet filter org.sonar.server.authentication.OAuth2CallbackFilter@723a89ef [pattern=UrlPattern{inclusions=[/oauth2/callback/*], exclusions=[]}]
2018.10.23 00:17:25 INFO  web[][o.s.s.p.w.MasterServletFilter] Initializing servlet filter org.sonar.server.authentication.ws.LoginAction@76d67b2b [pattern=UrlPattern{inclusions=[/api/authentication/login], exclusions=[]}]
2018.10.23 00:17:25 INFO  web[][o.s.s.p.w.MasterServletFilter] Initializing servlet filter org.sonar.server.authentication.ws.LogoutAction@d02ced2 [pattern=UrlPattern{inclusions=[/api/authentication/logout], exclusions=[]}]
2018.10.23 00:17:25 INFO  web[][o.s.s.p.w.MasterServletFilter] Initializing servlet filter org.sonar.server.authentication.ws.ValidateAction@6f211030 [pattern=UrlPattern{inclusions=[/api/authentication/validate], exclusions=[]}]
2018.10.23 00:17:25 INFO  web[][o.s.s.e.IndexerStartupTask] Indexing of type [rules/activeRule] ...
2018.10.23 00:17:26 INFO  web[][o.s.s.e.IndexerStartupTask] Indexing of type [rules/activeRule] done | time=1039ms
2018.10.23 00:17:26 INFO  web[][o.s.s.e.IndexerStartupTask] Indexing of types [rules/ruleExtension],[rules/rule] ...
2018.10.23 00:17:28 INFO  web[][o.s.s.e.IndexerStartupTask] Indexing of types [rules/ruleExtension],[rules/rule] done | time=2074ms
2018.10.23 00:17:28 INFO  web[][o.s.s.e.IndexerStartupTask] Indexing of type [users/user] ...
2018.10.23 00:17:28 INFO  web[][o.s.s.e.IndexerStartupTask] Indexing of type [users/user] done | time=210ms
2018.10.23 00:17:28 INFO  web[][o.s.s.e.IndexerStartupTask] Indexing of type [components/component] ...
2018.10.23 00:17:28 INFO  web[][o.s.s.e.IndexerStartupTask] Indexing of type [components/component] done | time=74ms
2018.10.23 00:17:28 INFO  web[][o.s.s.e.IndexerStartupTask] Indexing of type [views/view] ...
2018.10.23 00:17:28 INFO  web[][o.s.s.e.IndexerStartupTask] Indexing of type [views/view] done | time=86ms
2018.10.23 00:17:28 INFO  web[][o.s.s.e.IndexerStartupTask] Indexing of type [issues/issue] ...
2018.10.23 00:17:28 INFO  web[][o.s.s.e.IndexerStartupTask] Indexing of type [issues/issue] done | time=85ms
2018.10.23 00:17:28 INFO  web[][o.s.s.e.IndexerStartupTask] Indexing of types [components/authorization],[issues/authorization],[projectmeasures/authorization] ...
2018.10.23 00:17:28 INFO  web[][o.s.s.e.IndexerStartupTask] Indexing of types [components/authorization],[issues/authorization],[projectmeasures/authorization] done | time=169ms
2018.10.23 00:17:28 INFO  web[][o.s.s.e.IndexerStartupTask] Indexing of type [tests/test] ...
2018.10.23 00:17:29 INFO  web[][o.s.s.e.IndexerStartupTask] Indexing of type [tests/test] done | time=106ms
2018.10.23 00:17:29 INFO  web[][o.s.s.e.IndexerStartupTask] Indexing of type [projectmeasures/projectmeasure] ...
2018.10.23 00:17:29 INFO  web[][o.s.s.e.IndexerStartupTask] Indexing of type [projectmeasures/projectmeasure] done | time=86ms
2018.10.23 00:17:29 INFO  web[][o.s.s.p.p.PlatformLevelStartup] Running Community Edition
2018.10.23 00:17:29 INFO  web[][o.s.s.p.Platform] WebServer is operational
2018.10.23 00:17:58 WARN  web[AWad2tC/nRGL217JAAAu][o.s.s.w.ServletRequest] Can't read file part for parameter report
java.io.IOException: The temporary upload location [C:\Users\pause\eclipse-workspace\LabDevops\tmp\sonarqube-7.3\temp\tc\work\Tomcat\localhost\ROOT] is not valid
	at org.apache.catalina.connector.Request.parseParts(Request.java:2839)
	at org.apache.catalina.connector.Request.parseParameters(Request.java:3211)
	at org.apache.catalina.connector.Request.getParameter(Request.java:1137)
	at org.apache.catalina.connector.RequestFacade.getParameter(RequestFacade.java:381)
	at javax.servlet.ServletRequestWrapper.getParameter(ServletRequestWrapper.java:153)
	at org.sonar.server.ws.ServletRequest.readParam(ServletRequest.java:88)
	at org.sonar.api.server.ws.internal.ValidatingRequest.readParam(ValidatingRequest.java:134)
	at org.sonar.api.server.ws.internal.ValidatingRequest.param(ValidatingRequest.java:73)
	at org.sonar.api.server.ws.Request.getParam(Request.java:306)
	at org.sonar.server.ce.ws.SubmitAction.handle(SubmitAction.java:111)
	at org.sonar.server.ws.WebServiceEngine.execute(WebServiceEngine.java:110)
	at org.sonar.server.ws.WebServiceFilter.doFilter(WebServiceFilter.java:88)
	at org.sonar.server.platform.web.MasterServletFilter$GodFilterChain.doFilter(MasterServletFilter.java:126)
	at org.sonar.server.platform.web.MasterServletFilter.doFilter(MasterServletFilter.java:95)
	at org.apache.catalina.core.ApplicationFilterChain.internalDoFilter(ApplicationFilterChain.java:193)
	at org.apache.catalina.core.ApplicationFilterChain.doFilter(ApplicationFilterChain.java:166)
	at org.sonar.server.user.UserSessionFilter.doFilter(UserSessionFilter.java:87)
	at org.sonar.server.user.UserSessionFilter.doFilter(UserSessionFilter.java:71)
	at org.apache.catalina.core.ApplicationFilterChain.internalDoFilter(ApplicationFilterChain.java:193)
	at org.apache.catalina.core.ApplicationFilterChain.doFilter(ApplicationFilterChain.java:166)
	at org.sonar.server.platform.web.CacheControlFilter.doFilter(CacheControlFilter.java:76)
	at org.apache.catalina.core.ApplicationFilterChain.internalDoFilter(ApplicationFilterChain.java:193)
	at org.apache.catalina.core.ApplicationFilterChain.doFilter(ApplicationFilterChain.java:166)
	at org.sonar.server.platform.web.SecurityServletFilter.doHttpFilter(SecurityServletFilter.java:76)
	at org.sonar.server.platform.web.SecurityServletFilter.doFilter(SecurityServletFilter.java:48)
	at org.apache.catalina.core.ApplicationFilterChain.internalDoFilter(ApplicationFilterChain.java:193)
	at org.apache.catalina.core.ApplicationFilterChain.doFilter(ApplicationFilterChain.java:166)
	at org.sonar.server.platform.web.RedirectFilter.doFilter(RedirectFilter.java:61)
	at org.apache.catalina.core.ApplicationFilterChain.internalDoFilter(ApplicationFilterChain.java:193)
	at org.apache.catalina.core.ApplicationFilterChain.doFilter(ApplicationFilterChain.java:166)
	at org.sonar.server.platform.web.requestid.RequestIdFilter.doFilter(RequestIdFilter.java:63)
	at org.apache.catalina.core.ApplicationFilterChain.internalDoFilter(ApplicationFilterChain.java:193)
	at org.apache.catalina.core.ApplicationFilterChain.doFilter(ApplicationFilterChain.java:166)
	at org.sonar.server.platform.web.RootFilter.doFilter(RootFilter.java:62)
	at org.apache.catalina.core.ApplicationFilterChain.internalDoFilter(ApplicationFilterChain.java:193)
	at org.apache.catalina.core.ApplicationFilterChain.doFilter(ApplicationFilterChain.java:166)
	at org.apache.catalina.filters.SetCharacterEncodingFilter.doFilter(SetCharacterEncodingFilter.java:108)
	at org.apache.catalina.core.ApplicationFilterChain.internalDoFilter(ApplicationFilterChain.java:193)
	at org.apache.catalina.core.ApplicationFilterChain.doFilter(ApplicationFilterChain.java:166)
	at org.apache.catalina.core.StandardWrapperValve.invoke(StandardWrapperValve.java:199)
	at org.apache.catalina.core.StandardContextValve.invoke(StandardContextValve.java:96)
	at org.apache.catalina.core.StandardHostValve.invoke(StandardHostValve.java:140)
	at org.apache.catalina.valves.ErrorReportValve.invoke(ErrorReportValve.java:81)
	at ch.qos.logback.access.tomcat.LogbackValve.invoke(LogbackValve.java:256)
	at org.apache.catalina.core.StandardEngineValve.invoke(StandardEngineValve.java:87)
	at org.apache.catalina.connector.CoyoteAdapter.service(CoyoteAdapter.java:342)
	at org.apache.coyote.http11.Http11Processor.service(Http11Processor.java:803)
	at org.apache.coyote.AbstractProcessorLight.process(AbstractProcessorLight.java:66)
	at org.apache.coyote.AbstractProtocol$ConnectionHandler.process(AbstractProtocol.java:868)
	at org.apache.tomcat.util.net.NioEndpoint$SocketProcessor.doRun(NioEndpoint.java:1459)
	at org.apache.tomcat.util.net.SocketProcessorBase.run(SocketProcessorBase.java:49)
	at java.util.concurrent.ThreadPoolExecutor.runWorker(Unknown Source)
	at java.util.concurrent.ThreadPoolExecutor$Worker.run(Unknown Source)
	at org.apache.tomcat.util.threads.TaskThread$WrappingRunnable.run(TaskThread.java:61)
	at java.lang.Thread.run(Unknown Source)
